<?xml version="1.0" encoding="UTF-8"?>
<testsuites>
  <testsuite name="ActionBasedFormRequest Test Suite" tests="3" assertions="6" errors="0" failures="0" skipped="0" time="0.093382">
    <testsuite name="RafflesArgentina\ActionBasedFormRequest\ActionBasedFormRequestTest" file="/home/l5-action-based-form-request/public_html/tests/ActionBasedFormRequestTest.php" tests="3" assertions="6" errors="0" failures="0" skipped="0" time="0.093382">
      <testcase name="testIndexRules" class="RafflesArgentina\ActionBasedFormRequest\ActionBasedFormRequestTest" classname="RafflesArgentina.ActionBasedFormRequest.ActionBasedFormRequestTest" file="/home/l5-action-based-form-request/public_html/tests/ActionBasedFormRequestTest.php" line="41" assertions="2" time="0.083819"/>
      <testcase name="testStoreRules" class="RafflesArgentina\ActionBasedFormRequest\ActionBasedFormRequestTest" classname="RafflesArgentina.ActionBasedFormRequest.ActionBasedFormRequestTest" file="/home/l5-action-based-form-request/public_html/tests/ActionBasedFormRequestTest.php" line="50" assertions="2" time="0.005201"/>
      <testcase name="testUpdateRules" class="RafflesArgentina\ActionBasedFormRequest\ActionBasedFormRequestTest" classname="RafflesArgentina.ActionBasedFormRequest.ActionBasedFormRequestTest" file="/home/l5-action-based-form-request/public_html/tests/ActionBasedFormRequestTest.php" line="59" assertions="2" time="0.004362"/>
    </testsuite>
  </testsuite>
</testsuites>
